=== PRODUCT CREATE METHOD CALLED 2025-11-03 21:13:41 ===
Request Method: POST
Request URI: /Ecom_website/admin/index.php?url=products&action=create
POST data: {
    "name": "test",
    "description": "123",
    "category_ids": [
        "1"
    ],
    "collection_id": "",
    "material": "gold",
    "variants": [
        {
            "size": "43",
            "color": "Cam",
            "price": "12000",
            "stock": "10"
        }
    ],
    "sku": "NHI-THIU",
    "base_price": "10000",
    "is_active": "1"
}
FILES data: {
    "product_images": {
        "name": [
            "3-2.png"
        ],
        "type": [
            "image\/png"
        ],
        "tmp_name": [
            "C:\\xampp\\tmp\\php1284.tmp"
        ],
        "error": [
            0
        ],
        "size": [
            274129
        ]
    }
}
=== PRODUCT CREATE METHOD CALLED 2025-11-03 21:17:29 ===
Request Method: POST
Request URI: /Ecom_website/admin/index.php?url=products&action=create
POST data: {
    "name": "test",
    "description": "123",
    "category_ids": [
        "1"
    ],
    "collection_id": "",
    "material": "gold",
    "variants": [
        {
            "size": "43",
            "color": "Cam",
            "price": "10000",
            "stock": "11"
        }
    ],
    "sku": "NHI-THIU",
    "base_price": "10000",
    "is_active": "1"
}
FILES data: {
    "product_images": {
        "name": [
            "3-2.png"
        ],
        "type": [
            "image\/png"
        ],
        "tmp_name": [
            "C:\\xampp\\tmp\\php8D53.tmp"
        ],
        "error": [
            0
        ],
        "size": [
            274129
        ]
    }
}
