
[2025-11-03 19:30:10] Error: Undefined variable $allowedFields in C:\xampp\htdocs\Ecom_website\app\models\Product.php on line 165
--------------------------------------------------------------------------------
[2025-11-03 19:30:10] Exception: in_array(): Argument #2 ($haystack) must be of type array, null given in C:\xampp\htdocs\Ecom_website\app\models\Product.php on line 165
Stack trace:
#0 C:\xampp\htdocs\Ecom_website\app\models\Product.php(165): in_array('main_image', NULL)
#1 C:\xampp\htdocs\Ecom_website\app\controllers\admin\ProductsController.php(504): Product->update('30', Array)
#2 C:\xampp\htdocs\Ecom_website\app\controllers\admin\ProductsController.php(168): ProductsController->handleProductImages('30', Array)
#3 C:\xampp\htdocs\Ecom_website\configs\admin_router.php(241): ProductsController->create()
#4 C:\xampp\htdocs\Ecom_website\admin\index.php(35): AdminRouter->__construct()
#5 {main}
--------------------------------------------------------------------------------
[2025-11-03 21:00:17] Error: file_put_contents(C:\xampp\htdocs\Ecom_website\app\controllers\admin/../../logs/controller_debug.log): Failed to open stream: No such file or directory in C:\xampp\htdocs\Ecom_website\app\controllers\admin\ProductsController.php on line 109
--------------------------------------------------------------------------------
[2025-11-03 21:10:50] Error: file_put_contents(C:\xampp\htdocs\Ecom_website\app\controllers\admin/../../logs/controller_debug.log): Failed to open stream: No such file or directory in C:\xampp\htdocs\Ecom_website\app\controllers\admin\ProductsController.php on line 114
--------------------------------------------------------------------------------
[2025-11-04 07:21:35] Error: file_put_contents(C:\xampp\htdocs\Ecom_website\app\controllers\admin/../../logs/controller_debug.log): Failed to open stream: No such file or directory in C:\xampp\htdocs\Ecom_website\app\controllers\admin\ProductsController.php on line 114
--------------------------------------------------------------------------------
[2025-11-04 07:26:48] Exception: call_user_func_array(): Argument #1 ($callback) must be a valid callback, class ProductsController does not have a method "showAddForm" in C:\xampp\htdocs\Ecom_website\configs\admin_router.php on line 241
Stack trace:
#0 C:\xampp\htdocs\Ecom_website\admin\index.php(43): AdminRouter->__construct()
#1 {main}
--------------------------------------------------------------------------------
[2025-11-04 07:47:47] Exception: Call to undefined method Product::getPrimaryImageUrl() in C:\xampp\htdocs\Ecom_website\app\views\customer\pages\cart.php on line 309
Stack trace:
#0 C:\xampp\htdocs\Ecom_website\core\BaseController.php(18): require_once()
#1 C:\xampp\htdocs\Ecom_website\app\controllers\CartController.php(24): BaseController->view('customer/pages/...', Array)
#2 C:\xampp\htdocs\Ecom_website\configs\router.php(212): CartController->index()
#3 C:\xampp\htdocs\Ecom_website\index.php(51): Route->__construct()
#4 {main}
--------------------------------------------------------------------------------
[2025-11-04 07:47:55] Exception: Call to undefined method Product::getPrimaryImageUrl() in C:\xampp\htdocs\Ecom_website\app\views\customer\pages\cart.php on line 309
Stack trace:
#0 C:\xampp\htdocs\Ecom_website\core\BaseController.php(18): require_once()
#1 C:\xampp\htdocs\Ecom_website\app\controllers\CartController.php(24): BaseController->view('customer/pages/...', Array)
#2 C:\xampp\htdocs\Ecom_website\configs\router.php(212): CartController->index()
#3 C:\xampp\htdocs\Ecom_website\index.php(51): Route->__construct()
#4 {main}
--------------------------------------------------------------------------------
[2025-11-04 07:48:02] Exception: Call to undefined method Product::getPrimaryImageUrl() in C:\xampp\htdocs\Ecom_website\app\views\customer\pages\cart.php on line 309
Stack trace:
#0 C:\xampp\htdocs\Ecom_website\core\BaseController.php(18): require_once()
#1 C:\xampp\htdocs\Ecom_website\app\controllers\CartController.php(24): BaseController->view('customer/pages/...', Array)
#2 C:\xampp\htdocs\Ecom_website\configs\router.php(212): CartController->index()
#3 C:\xampp\htdocs\Ecom_website\index.php(51): Route->__construct()
#4 {main}
--------------------------------------------------------------------------------
[2025-11-04 07:52:18] Exception: Call to undefined method Product::getPrimaryImageUrl() in C:\xampp\htdocs\Ecom_website\app\views\customer\pages\cart.php on line 309
Stack trace:
#0 C:\xampp\htdocs\Ecom_website\core\BaseController.php(18): require_once()
#1 C:\xampp\htdocs\Ecom_website\app\controllers\CartController.php(24): BaseController->view('customer/pages/...', Array)
#2 C:\xampp\htdocs\Ecom_website\configs\router.php(212): CartController->index()
#3 C:\xampp\htdocs\Ecom_website\index.php(51): Route->__construct()
#4 {main}
--------------------------------------------------------------------------------
[2025-11-04 07:52:22] Exception: Call to undefined method Product::getPrimaryImageUrl() in C:\xampp\htdocs\Ecom_website\app\views\customer\pages\cart.php on line 309
Stack trace:
#0 C:\xampp\htdocs\Ecom_website\core\BaseController.php(18): require_once()
#1 C:\xampp\htdocs\Ecom_website\app\controllers\CartController.php(24): BaseController->view('customer/pages/...', Array)
#2 C:\xampp\htdocs\Ecom_website\configs\router.php(212): CartController->index()
#3 C:\xampp\htdocs\Ecom_website\index.php(51): Route->__construct()
#4 {main}
--------------------------------------------------------------------------------
[2025-11-04 07:52:23] Exception: Call to undefined method Product::getPrimaryImageUrl() in C:\xampp\htdocs\Ecom_website\app\views\customer\pages\cart.php on line 309
Stack trace:
#0 C:\xampp\htdocs\Ecom_website\core\BaseController.php(18): require_once()
#1 C:\xampp\htdocs\Ecom_website\app\controllers\CartController.php(24): BaseController->view('customer/pages/...', Array)
#2 C:\xampp\htdocs\Ecom_website\configs\router.php(212): CartController->index()
#3 C:\xampp\htdocs\Ecom_website\index.php(51): Route->__construct()
#4 {main}
--------------------------------------------------------------------------------
[2025-11-04 07:52:38] Exception: Call to undefined method Product::getPrimaryImageUrl() in C:\xampp\htdocs\Ecom_website\app\views\customer\pages\cart.php on line 309
Stack trace:
#0 C:\xampp\htdocs\Ecom_website\core\BaseController.php(18): require_once()
#1 C:\xampp\htdocs\Ecom_website\app\controllers\CartController.php(24): BaseController->view('customer/pages/...', Array)
#2 C:\xampp\htdocs\Ecom_website\configs\router.php(212): CartController->index()
#3 C:\xampp\htdocs\Ecom_website\index.php(51): Route->__construct()
#4 {main}
--------------------------------------------------------------------------------
[2025-11-04 07:56:04] Exception: Call to undefined method Product::getPrimaryImageUrl() in C:\xampp\htdocs\Ecom_website\app\views\customer\pages\checkout.php on line 571
Stack trace:
#0 C:\xampp\htdocs\Ecom_website\core\BaseController.php(18): require_once()
#1 C:\xampp\htdocs\Ecom_website\app\controllers\CheckoutController.php(57): BaseController->view('customer/pages/...', Array)
#2 C:\xampp\htdocs\Ecom_website\configs\router.php(212): CheckoutController->index()
#3 C:\xampp\htdocs\Ecom_website\index.php(51): Route->__construct()
#4 {main}
--------------------------------------------------------------------------------
[2025-11-04 07:56:54] Error: file_get_contents(): SSL operation failed with code 1. OpenSSL Error messages:
error:1416F086:SSL routines:tls_process_server_certificate:certificate verify failed in C:\xampp\htdocs\Ecom_website\app\controllers\LocationController.php on line 127
--------------------------------------------------------------------------------
[2025-11-04 07:56:54] Error: file_get_contents(): Failed to enable crypto in C:\xampp\htdocs\Ecom_website\app\controllers\LocationController.php on line 127
--------------------------------------------------------------------------------
[2025-11-04 07:56:54] Error: file_get_contents(https://provinces.open-api.vn/api/v2/p/): Failed to open stream: operation failed in C:\xampp\htdocs\Ecom_website\app\controllers\LocationController.php on line 127
--------------------------------------------------------------------------------
[2025-11-04 07:56:55] Error: file_get_contents(https://vapi.vnappmob.com/api/province/p/): Failed to open stream: HTTP request failed! HTTP/1.1 404 Not Found
 in C:\xampp\htdocs\Ecom_website\app\controllers\LocationController.php on line 127
--------------------------------------------------------------------------------
[2025-11-04 07:57:29] Error: file_get_contents(): SSL operation failed with code 1. OpenSSL Error messages:
error:1416F086:SSL routines:tls_process_server_certificate:certificate verify failed in C:\xampp\htdocs\Ecom_website\app\controllers\LocationController.php on line 127
--------------------------------------------------------------------------------
[2025-11-04 07:57:29] Error: file_get_contents(): Failed to enable crypto in C:\xampp\htdocs\Ecom_website\app\controllers\LocationController.php on line 127
--------------------------------------------------------------------------------
[2025-11-04 07:57:29] Error: file_get_contents(https://provinces.open-api.vn/api/v2/p/): Failed to open stream: operation failed in C:\xampp\htdocs\Ecom_website\app\controllers\LocationController.php on line 127
--------------------------------------------------------------------------------
[2025-11-04 07:57:30] Error: file_get_contents(https://vapi.vnappmob.com/api/province/p/): Failed to open stream: HTTP request failed! HTTP/1.1 404 Not Found
 in C:\xampp\htdocs\Ecom_website\app\controllers\LocationController.php on line 127
--------------------------------------------------------------------------------
[2025-11-04 07:57:58] Error: file_get_contents(): SSL operation failed with code 1. OpenSSL Error messages:
error:1416F086:SSL routines:tls_process_server_certificate:certificate verify failed in C:\xampp\htdocs\Ecom_website\app\controllers\LocationController.php on line 127
--------------------------------------------------------------------------------
[2025-11-04 07:57:58] Error: file_get_contents(): Failed to enable crypto in C:\xampp\htdocs\Ecom_website\app\controllers\LocationController.php on line 127
--------------------------------------------------------------------------------
[2025-11-04 07:57:58] Error: file_get_contents(https://provinces.open-api.vn/api/v2/p/): Failed to open stream: operation failed in C:\xampp\htdocs\Ecom_website\app\controllers\LocationController.php on line 127
--------------------------------------------------------------------------------
[2025-11-04 07:57:59] Error: file_get_contents(https://vapi.vnappmob.com/api/province/p/): Failed to open stream: HTTP request failed! HTTP/1.1 404 Not Found
 in C:\xampp\htdocs\Ecom_website\app\controllers\LocationController.php on line 127
--------------------------------------------------------------------------------
[2025-11-04 07:57:59] Error: file_get_contents(): SSL operation failed with code 1. OpenSSL Error messages:
error:1416F086:SSL routines:tls_process_server_certificate:certificate verify failed in C:\xampp\htdocs\Ecom_website\app\controllers\LocationController.php on line 127
--------------------------------------------------------------------------------
[2025-11-04 07:57:59] Error: file_get_contents(): Failed to enable crypto in C:\xampp\htdocs\Ecom_website\app\controllers\LocationController.php on line 127
--------------------------------------------------------------------------------
[2025-11-04 07:57:59] Error: file_get_contents(https://provinces.open-api.vn/api/v2/p/79?depth=2): Failed to open stream: operation failed in C:\xampp\htdocs\Ecom_website\app\controllers\LocationController.php on line 127
--------------------------------------------------------------------------------
[2025-11-04 07:58:00] Error: file_get_contents(https://vapi.vnappmob.com/api/province/p/79?depth=2): Failed to open stream: HTTP request failed! HTTP/1.1 404 Not Found
 in C:\xampp\htdocs\Ecom_website\app\controllers\LocationController.php on line 127
--------------------------------------------------------------------------------
[2025-11-04 07:59:21] Exception: Call to undefined method Category::getAllWithProductCount() in C:\xampp\htdocs\Ecom_website\app\services\CategoryService.php on line 64
Stack trace:
#0 C:\xampp\htdocs\Ecom_website\app\controllers\admin\CategoriesController.php(28): CategoryService->getAllCategoriesWithStats()
#1 C:\xampp\htdocs\Ecom_website\configs\admin_router.php(241): CategoriesController->index()
#2 C:\xampp\htdocs\Ecom_website\admin\index.php(43): AdminRouter->__construct()
#3 {main}
--------------------------------------------------------------------------------
[2025-11-04 07:59:30] Exception: Call to undefined method Category::getAllWithProductCount() in C:\xampp\htdocs\Ecom_website\app\services\CategoryService.php on line 64
Stack trace:
#0 C:\xampp\htdocs\Ecom_website\app\controllers\admin\CategoriesController.php(28): CategoryService->getAllCategoriesWithStats()
#1 C:\xampp\htdocs\Ecom_website\configs\admin_router.php(241): CategoriesController->index()
#2 C:\xampp\htdocs\Ecom_website\admin\index.php(43): AdminRouter->__construct()
#3 {main}
--------------------------------------------------------------------------------
[2025-11-04 07:59:47] Exception: Call to undefined method Review::getAllWithDetails() in C:\xampp\htdocs\Ecom_website\app\controllers\admin\ReviewsController.php on line 20
Stack trace:
#0 C:\xampp\htdocs\Ecom_website\configs\admin_router.php(241): ReviewsController->index()
#1 C:\xampp\htdocs\Ecom_website\admin\index.php(43): AdminRouter->__construct()
#2 {main}
--------------------------------------------------------------------------------
[2025-11-04 07:59:55] Exception: Call to undefined method Category::getAllWithProductCount() in C:\xampp\htdocs\Ecom_website\app\services\CategoryService.php on line 64
Stack trace:
#0 C:\xampp\htdocs\Ecom_website\app\controllers\admin\CategoriesController.php(28): CategoryService->getAllCategoriesWithStats()
#1 C:\xampp\htdocs\Ecom_website\configs\admin_router.php(241): CategoriesController->index()
#2 C:\xampp\htdocs\Ecom_website\admin\index.php(43): AdminRouter->__construct()
#3 {main}
--------------------------------------------------------------------------------
[2025-11-04 08:21:57] Exception: Call to undefined method Category::getAllWithProductCount() in D:\app\xampp\htdocs\Ecom_website\app\services\CategoryService.php on line 64
Stack trace:
#0 D:\app\xampp\htdocs\Ecom_website\app\controllers\admin\CategoriesController.php(28): CategoryService->getAllCategoriesWithStats()
#1 D:\app\xampp\htdocs\Ecom_website\configs\admin_router.php(241): CategoriesController->index()
#2 D:\app\xampp\htdocs\Ecom_website\admin\index.php(43): AdminRouter->__construct()
#3 {main}
--------------------------------------------------------------------------------
[2025-11-04 08:22:08] Exception: Call to undefined method Review::getAllWithDetails() in D:\app\xampp\htdocs\Ecom_website\app\controllers\admin\ReviewsController.php on line 20
Stack trace:
#0 D:\app\xampp\htdocs\Ecom_website\configs\admin_router.php(241): ReviewsController->index()
#1 D:\app\xampp\htdocs\Ecom_website\admin\index.php(43): AdminRouter->__construct()
#2 {main}
--------------------------------------------------------------------------------
[2025-11-04 08:22:37] Exception: Call to undefined method Category::getAllWithProductCount() in D:\app\xampp\htdocs\Ecom_website\app\services\CategoryService.php on line 64
Stack trace:
#0 D:\app\xampp\htdocs\Ecom_website\app\controllers\admin\CategoriesController.php(28): CategoryService->getAllCategoriesWithStats()
#1 D:\app\xampp\htdocs\Ecom_website\configs\admin_router.php(241): CategoriesController->index()
#2 D:\app\xampp\htdocs\Ecom_website\admin\index.php(43): AdminRouter->__construct()
#3 {main}
--------------------------------------------------------------------------------
[2025-11-04 08:22:40] Exception: Call to undefined method Category::getAllWithProductCount() in D:\app\xampp\htdocs\Ecom_website\app\services\CategoryService.php on line 64
Stack trace:
#0 D:\app\xampp\htdocs\Ecom_website\app\controllers\admin\CategoriesController.php(28): CategoryService->getAllCategoriesWithStats()
#1 D:\app\xampp\htdocs\Ecom_website\configs\admin_router.php(241): CategoriesController->index()
#2 D:\app\xampp\htdocs\Ecom_website\admin\index.php(43): AdminRouter->__construct()
#3 {main}
--------------------------------------------------------------------------------
[2025-11-04 08:22:47] Exception: Call to undefined method Category::getAllWithProductCount() in D:\app\xampp\htdocs\Ecom_website\app\services\CategoryService.php on line 64
Stack trace:
#0 D:\app\xampp\htdocs\Ecom_website\app\controllers\admin\CategoriesController.php(28): CategoryService->getAllCategoriesWithStats()
#1 D:\app\xampp\htdocs\Ecom_website\configs\admin_router.php(241): CategoriesController->index()
#2 D:\app\xampp\htdocs\Ecom_website\admin\index.php(43): AdminRouter->__construct()
#3 {main}
--------------------------------------------------------------------------------
[2025-11-04 08:22:54] Exception: Call to undefined method Category::getAllWithProductCount() in D:\app\xampp\htdocs\Ecom_website\app\services\CategoryService.php on line 64
Stack trace:
#0 D:\app\xampp\htdocs\Ecom_website\app\controllers\admin\CategoriesController.php(28): CategoryService->getAllCategoriesWithStats()
#1 D:\app\xampp\htdocs\Ecom_website\configs\admin_router.php(241): CategoriesController->index()
#2 D:\app\xampp\htdocs\Ecom_website\admin\index.php(43): AdminRouter->__construct()
#3 {main}
--------------------------------------------------------------------------------
[2025-11-04 08:23:12] Exception: Call to undefined method Review::getAllWithDetails() in D:\app\xampp\htdocs\Ecom_website\app\controllers\admin\ReviewsController.php on line 20
Stack trace:
#0 D:\app\xampp\htdocs\Ecom_website\configs\admin_router.php(241): ReviewsController->index()
#1 D:\app\xampp\htdocs\Ecom_website\admin\index.php(43): AdminRouter->__construct()
#2 {main}
--------------------------------------------------------------------------------
[2025-11-04 08:27:01] Exception: Call to undefined method Review::getAllWithDetails() in D:\app\xampp\htdocs\Ecom_website\app\controllers\admin\ReviewsController.php on line 20
Stack trace:
#0 D:\app\xampp\htdocs\Ecom_website\configs\admin_router.php(241): ReviewsController->index()
#1 D:\app\xampp\htdocs\Ecom_website\admin\index.php(43): AdminRouter->__construct()
#2 {main}
--------------------------------------------------------------------------------
[2025-11-04 08:27:15] Exception: Call to undefined method Category::getAllWithProductCount() in D:\app\xampp\htdocs\Ecom_website\app\services\CategoryService.php on line 64
Stack trace:
#0 D:\app\xampp\htdocs\Ecom_website\app\controllers\admin\CategoriesController.php(28): CategoryService->getAllCategoriesWithStats()
#1 D:\app\xampp\htdocs\Ecom_website\configs\admin_router.php(241): CategoriesController->index()
#2 D:\app\xampp\htdocs\Ecom_website\admin\index.php(43): AdminRouter->__construct()
#3 {main}
--------------------------------------------------------------------------------
[2025-11-04 08:27:18] Exception: Call to undefined method Category::getAllWithProductCount() in D:\app\xampp\htdocs\Ecom_website\app\services\CategoryService.php on line 64
Stack trace:
#0 D:\app\xampp\htdocs\Ecom_website\app\controllers\admin\CategoriesController.php(28): CategoryService->getAllCategoriesWithStats()
#1 D:\app\xampp\htdocs\Ecom_website\configs\admin_router.php(241): CategoriesController->index()
#2 D:\app\xampp\htdocs\Ecom_website\admin\index.php(43): AdminRouter->__construct()
#3 {main}
--------------------------------------------------------------------------------
[2025-11-04 08:27:23] Exception: Call to undefined method Category::getAllWithProductCount() in D:\app\xampp\htdocs\Ecom_website\app\services\CategoryService.php on line 64
Stack trace:
#0 D:\app\xampp\htdocs\Ecom_website\app\controllers\admin\CategoriesController.php(28): CategoryService->getAllCategoriesWithStats()
#1 D:\app\xampp\htdocs\Ecom_website\configs\admin_router.php(241): CategoriesController->index()
#2 D:\app\xampp\htdocs\Ecom_website\admin\index.php(43): AdminRouter->__construct()
#3 {main}
--------------------------------------------------------------------------------
[2025-11-04 08:27:28] Exception: Call to undefined method Category::getAllWithProductCount() in D:\app\xampp\htdocs\Ecom_website\app\services\CategoryService.php on line 64
Stack trace:
#0 D:\app\xampp\htdocs\Ecom_website\app\controllers\admin\CategoriesController.php(28): CategoryService->getAllCategoriesWithStats()
#1 D:\app\xampp\htdocs\Ecom_website\configs\admin_router.php(241): CategoriesController->index()
#2 D:\app\xampp\htdocs\Ecom_website\admin\index.php(43): AdminRouter->__construct()
#3 {main}
--------------------------------------------------------------------------------
[2025-11-04 08:27:32] Exception: Call to undefined method Review::getAllWithDetails() in D:\app\xampp\htdocs\Ecom_website\app\controllers\admin\ReviewsController.php on line 20
Stack trace:
#0 D:\app\xampp\htdocs\Ecom_website\configs\admin_router.php(241): ReviewsController->index()
#1 D:\app\xampp\htdocs\Ecom_website\admin\index.php(43): AdminRouter->__construct()
#2 {main}
--------------------------------------------------------------------------------
[2025-11-04 08:27:43] Exception: Call to undefined method Category::getAllWithProductCount() in D:\app\xampp\htdocs\Ecom_website\app\services\CategoryService.php on line 64
Stack trace:
#0 D:\app\xampp\htdocs\Ecom_website\app\controllers\admin\CategoriesController.php(28): CategoryService->getAllCategoriesWithStats()
#1 D:\app\xampp\htdocs\Ecom_website\configs\admin_router.php(241): CategoriesController->index()
#2 D:\app\xampp\htdocs\Ecom_website\admin\index.php(43): AdminRouter->__construct()
#3 {main}
--------------------------------------------------------------------------------
[2025-11-04 08:28:08] Exception: Call to undefined method Review::getAllWithDetails() in D:\app\xampp\htdocs\Ecom_website\app\controllers\admin\ReviewsController.php on line 20
Stack trace:
#0 D:\app\xampp\htdocs\Ecom_website\configs\admin_router.php(241): ReviewsController->index()
#1 D:\app\xampp\htdocs\Ecom_website\admin\index.php(43): AdminRouter->__construct()
#2 {main}
--------------------------------------------------------------------------------
[2025-11-04 08:39:27] Exception: Call to undefined method Category::getAllWithProductCount() in D:\app\xampp\htdocs\Ecom_website\app\services\CategoryService.php on line 64
Stack trace:
#0 D:\app\xampp\htdocs\Ecom_website\app\controllers\admin\CategoriesController.php(28): CategoryService->getAllCategoriesWithStats()
#1 D:\app\xampp\htdocs\Ecom_website\configs\admin_router.php(241): CategoriesController->index()
#2 D:\app\xampp\htdocs\Ecom_website\admin\index.php(43): AdminRouter->__construct()
#3 {main}
--------------------------------------------------------------------------------
[2025-11-04 14:55:21] Exception: Call to undefined method User::delete() in D:\app\xampp\htdocs\Ecom_website\app\controllers\admin\CustomersController.php on line 192
Stack trace:
#0 D:\app\xampp\htdocs\Ecom_website\configs\admin_router.php(241): CustomersController->delete('1')
#1 D:\app\xampp\htdocs\Ecom_website\admin\index.php(43): AdminRouter->__construct()
#2 {main}
--------------------------------------------------------------------------------
[2025-11-04 14:55:33] Exception: Call to undefined method User::delete() in D:\app\xampp\htdocs\Ecom_website\app\controllers\admin\CustomersController.php on line 192
Stack trace:
#0 D:\app\xampp\htdocs\Ecom_website\configs\admin_router.php(241): CustomersController->delete('3')
#1 D:\app\xampp\htdocs\Ecom_website\admin\index.php(43): AdminRouter->__construct()
#2 {main}
--------------------------------------------------------------------------------
[2025-11-04 16:24:19] Error: Undefined array key "confirm_password" in D:\app\xampp\htdocs\Ecom_website\app\controllers\admin\CustomersController.php on line 81
--------------------------------------------------------------------------------
[2025-11-04 16:24:19] Exception: Call to undefined method User::signup() in D:\app\xampp\htdocs\Ecom_website\app\controllers\admin\CustomersController.php on line 85
Stack trace:
#0 D:\app\xampp\htdocs\Ecom_website\configs\admin_router.php(264): CustomersController->create()
#1 D:\app\xampp\htdocs\Ecom_website\admin\index.php(43): AdminRouter->__construct()
#2 {main}
--------------------------------------------------------------------------------
[2025-11-04 23:20:46] Error: file_get_contents(): SSL operation failed with code 1. OpenSSL Error messages:
error:1416F086:SSL routines:tls_process_server_certificate:certificate verify failed in C:\xampp\htdocs\Ecom_website\app\controllers\LocationController.php on line 127
--------------------------------------------------------------------------------
[2025-11-04 23:20:46] Error: file_get_contents(): Failed to enable crypto in C:\xampp\htdocs\Ecom_website\app\controllers\LocationController.php on line 127
--------------------------------------------------------------------------------
[2025-11-04 23:20:46] Error: file_get_contents(https://provinces.open-api.vn/api/v2/p/): Failed to open stream: operation failed in C:\xampp\htdocs\Ecom_website\app\controllers\LocationController.php on line 127
--------------------------------------------------------------------------------
[2025-11-04 23:20:46] Error: file_get_contents(https://vapi.vnappmob.com/api/province/p/): Failed to open stream: HTTP request failed! HTTP/1.1 404 Not Found
 in C:\xampp\htdocs\Ecom_website\app\controllers\LocationController.php on line 127
--------------------------------------------------------------------------------
[2025-11-04 23:20:47] Error: file_get_contents(): SSL operation failed with code 1. OpenSSL Error messages:
error:1416F086:SSL routines:tls_process_server_certificate:certificate verify failed in C:\xampp\htdocs\Ecom_website\app\controllers\LocationController.php on line 127
--------------------------------------------------------------------------------
[2025-11-04 23:20:47] Error: file_get_contents(): Failed to enable crypto in C:\xampp\htdocs\Ecom_website\app\controllers\LocationController.php on line 127
--------------------------------------------------------------------------------
[2025-11-04 23:20:47] Error: file_get_contents(https://provinces.open-api.vn/api/v2/p/79?depth=2): Failed to open stream: operation failed in C:\xampp\htdocs\Ecom_website\app\controllers\LocationController.php on line 127
--------------------------------------------------------------------------------
[2025-11-04 23:20:47] Error: file_get_contents(https://vapi.vnappmob.com/api/province/p/79?depth=2): Failed to open stream: HTTP request failed! HTTP/1.1 404 Not Found
 in C:\xampp\htdocs\Ecom_website\app\controllers\LocationController.php on line 127
--------------------------------------------------------------------------------
[2025-11-04 23:22:35] Error: file_get_contents(): SSL operation failed with code 1. OpenSSL Error messages:
error:1416F086:SSL routines:tls_process_server_certificate:certificate verify failed in C:\xampp\htdocs\Ecom_website\app\controllers\LocationController.php on line 127
--------------------------------------------------------------------------------
[2025-11-04 23:22:35] Error: file_get_contents(): Failed to enable crypto in C:\xampp\htdocs\Ecom_website\app\controllers\LocationController.php on line 127
--------------------------------------------------------------------------------
[2025-11-04 23:22:35] Error: file_get_contents(https://provinces.open-api.vn/api/v2/p/33?depth=2): Failed to open stream: operation failed in C:\xampp\htdocs\Ecom_website\app\controllers\LocationController.php on line 127
--------------------------------------------------------------------------------
[2025-11-04 23:22:35] Error: file_get_contents(https://vapi.vnappmob.com/api/province/p/33?depth=2): Failed to open stream: HTTP request failed! HTTP/1.1 404 Not Found
 in C:\xampp\htdocs\Ecom_website\app\controllers\LocationController.php on line 127
--------------------------------------------------------------------------------
[2025-11-04 23:22:40] Error: file_get_contents(): SSL operation failed with code 1. OpenSSL Error messages:
error:1416F086:SSL routines:tls_process_server_certificate:certificate verify failed in C:\xampp\htdocs\Ecom_website\app\controllers\LocationController.php on line 127
--------------------------------------------------------------------------------
[2025-11-04 23:22:40] Error: file_get_contents(): Failed to enable crypto in C:\xampp\htdocs\Ecom_website\app\controllers\LocationController.php on line 127
--------------------------------------------------------------------------------
[2025-11-04 23:22:40] Error: file_get_contents(https://provinces.open-api.vn/api/v2/p/79?depth=2): Failed to open stream: operation failed in C:\xampp\htdocs\Ecom_website\app\controllers\LocationController.php on line 127
--------------------------------------------------------------------------------
[2025-11-04 23:22:40] Error: file_get_contents(https://vapi.vnappmob.com/api/province/p/79?depth=2): Failed to open stream: HTTP request failed! HTTP/1.1 404 Not Found
 in C:\xampp\htdocs\Ecom_website\app\controllers\LocationController.php on line 127
--------------------------------------------------------------------------------
[2025-11-04 23:22:48] Error: Undefined array key "full_name" in C:\xampp\htdocs\Ecom_website\app\models\User.php on line 370
--------------------------------------------------------------------------------
[2025-11-04 23:22:48] Error: Undefined array key "phone" in C:\xampp\htdocs\Ecom_website\app\models\User.php on line 371
--------------------------------------------------------------------------------
[2025-11-04 23:24:33] Error: Undefined array key "full_name" in C:\xampp\htdocs\Ecom_website\app\models\User.php on line 370
--------------------------------------------------------------------------------
[2025-11-04 23:24:33] Error: Undefined array key "phone" in C:\xampp\htdocs\Ecom_website\app\models\User.php on line 371
--------------------------------------------------------------------------------
[2025-11-04 23:25:27] Error: file_get_contents(): SSL operation failed with code 1. OpenSSL Error messages:
error:1416F086:SSL routines:tls_process_server_certificate:certificate verify failed in C:\xampp\htdocs\Ecom_website\app\controllers\LocationController.php on line 127
--------------------------------------------------------------------------------
[2025-11-04 23:25:27] Error: file_get_contents(): Failed to enable crypto in C:\xampp\htdocs\Ecom_website\app\controllers\LocationController.php on line 127
--------------------------------------------------------------------------------
[2025-11-04 23:25:27] Error: file_get_contents(https://provinces.open-api.vn/api/v2/p/): Failed to open stream: operation failed in C:\xampp\htdocs\Ecom_website\app\controllers\LocationController.php on line 127
--------------------------------------------------------------------------------
[2025-11-04 23:25:28] Error: file_get_contents(https://vapi.vnappmob.com/api/province/p/): Failed to open stream: HTTP request failed! HTTP/1.1 404 Not Found
 in C:\xampp\htdocs\Ecom_website\app\controllers\LocationController.php on line 127
--------------------------------------------------------------------------------
[2025-11-04 23:25:36] Error: file_get_contents(): SSL operation failed with code 1. OpenSSL Error messages:
error:1416F086:SSL routines:tls_process_server_certificate:certificate verify failed in C:\xampp\htdocs\Ecom_website\app\controllers\LocationController.php on line 127
--------------------------------------------------------------------------------
[2025-11-04 23:25:36] Error: file_get_contents(): Failed to enable crypto in C:\xampp\htdocs\Ecom_website\app\controllers\LocationController.php on line 127
--------------------------------------------------------------------------------
[2025-11-04 23:25:36] Error: file_get_contents(https://provinces.open-api.vn/api/v2/p/): Failed to open stream: operation failed in C:\xampp\htdocs\Ecom_website\app\controllers\LocationController.php on line 127
--------------------------------------------------------------------------------
[2025-11-04 23:25:37] Error: file_get_contents(https://vapi.vnappmob.com/api/province/p/): Failed to open stream: HTTP request failed! HTTP/1.1 404 Not Found
 in C:\xampp\htdocs\Ecom_website\app\controllers\LocationController.php on line 127
--------------------------------------------------------------------------------
[2025-11-04 23:25:52] Error: file_get_contents(): SSL operation failed with code 1. OpenSSL Error messages:
error:1416F086:SSL routines:tls_process_server_certificate:certificate verify failed in C:\xampp\htdocs\Ecom_website\app\controllers\LocationController.php on line 127
--------------------------------------------------------------------------------
[2025-11-04 23:25:52] Error: file_get_contents(): Failed to enable crypto in C:\xampp\htdocs\Ecom_website\app\controllers\LocationController.php on line 127
--------------------------------------------------------------------------------
[2025-11-04 23:25:52] Error: file_get_contents(https://provinces.open-api.vn/api/v2/p/): Failed to open stream: operation failed in C:\xampp\htdocs\Ecom_website\app\controllers\LocationController.php on line 127
--------------------------------------------------------------------------------
[2025-11-04 23:25:53] Error: file_get_contents(https://vapi.vnappmob.com/api/province/p/): Failed to open stream: HTTP request failed! HTTP/1.1 404 Not Found
 in C:\xampp\htdocs\Ecom_website\app\controllers\LocationController.php on line 127
--------------------------------------------------------------------------------
[2025-11-04 23:26:33] Error: file_get_contents(): SSL operation failed with code 1. OpenSSL Error messages:
error:1416F086:SSL routines:tls_process_server_certificate:certificate verify failed in C:\xampp\htdocs\Ecom_website\app\controllers\LocationController.php on line 127
--------------------------------------------------------------------------------
[2025-11-04 23:26:33] Error: file_get_contents(): Failed to enable crypto in C:\xampp\htdocs\Ecom_website\app\controllers\LocationController.php on line 127
--------------------------------------------------------------------------------
[2025-11-04 23:26:33] Error: file_get_contents(https://provinces.open-api.vn/api/v2/p/79?depth=2): Failed to open stream: operation failed in C:\xampp\htdocs\Ecom_website\app\controllers\LocationController.php on line 127
--------------------------------------------------------------------------------
[2025-11-04 23:26:34] Error: file_get_contents(https://vapi.vnappmob.com/api/province/p/79?depth=2): Failed to open stream: HTTP request failed! HTTP/1.1 404 Not Found
 in C:\xampp\htdocs\Ecom_website\app\controllers\LocationController.php on line 127
--------------------------------------------------------------------------------
[2025-11-04 23:29:23] Error: file_get_contents(): SSL operation failed with code 1. OpenSSL Error messages:
error:1416F086:SSL routines:tls_process_server_certificate:certificate verify failed in C:\xampp\htdocs\Ecom_website\app\controllers\LocationController.php on line 127
--------------------------------------------------------------------------------
[2025-11-04 23:29:23] Error: file_get_contents(): Failed to enable crypto in C:\xampp\htdocs\Ecom_website\app\controllers\LocationController.php on line 127
--------------------------------------------------------------------------------
[2025-11-04 23:29:23] Error: file_get_contents(https://provinces.open-api.vn/api/v2/p/): Failed to open stream: operation failed in C:\xampp\htdocs\Ecom_website\app\controllers\LocationController.php on line 127
--------------------------------------------------------------------------------
[2025-11-04 23:29:24] Error: file_get_contents(https://vapi.vnappmob.com/api/province/p/): Failed to open stream: HTTP request failed! HTTP/1.1 404 Not Found
 in C:\xampp\htdocs\Ecom_website\app\controllers\LocationController.php on line 127
--------------------------------------------------------------------------------
[2025-11-04 23:29:30] Error: file_get_contents(): SSL operation failed with code 1. OpenSSL Error messages:
error:1416F086:SSL routines:tls_process_server_certificate:certificate verify failed in C:\xampp\htdocs\Ecom_website\app\controllers\LocationController.php on line 127
--------------------------------------------------------------------------------
[2025-11-04 23:29:30] Error: file_get_contents(): Failed to enable crypto in C:\xampp\htdocs\Ecom_website\app\controllers\LocationController.php on line 127
--------------------------------------------------------------------------------
[2025-11-04 23:29:30] Error: file_get_contents(https://provinces.open-api.vn/api/v2/p/79?depth=2): Failed to open stream: operation failed in C:\xampp\htdocs\Ecom_website\app\controllers\LocationController.php on line 127
--------------------------------------------------------------------------------
[2025-11-04 23:29:31] Error: file_get_contents(https://vapi.vnappmob.com/api/province/p/79?depth=2): Failed to open stream: HTTP request failed! HTTP/1.1 404 Not Found
 in C:\xampp\htdocs\Ecom_website\app\controllers\LocationController.php on line 127
--------------------------------------------------------------------------------
[2025-11-04 23:31:12] Error: file_get_contents(): SSL operation failed with code 1. OpenSSL Error messages:
error:1416F086:SSL routines:tls_process_server_certificate:certificate verify failed in C:\xampp\htdocs\Ecom_website\app\controllers\LocationController.php on line 127
--------------------------------------------------------------------------------
[2025-11-04 23:31:12] Error: file_get_contents(): Failed to enable crypto in C:\xampp\htdocs\Ecom_website\app\controllers\LocationController.php on line 127
--------------------------------------------------------------------------------
[2025-11-04 23:31:12] Error: file_get_contents(https://provinces.open-api.vn/api/v2/p/): Failed to open stream: operation failed in C:\xampp\htdocs\Ecom_website\app\controllers\LocationController.php on line 127
--------------------------------------------------------------------------------
[2025-11-04 23:31:13] Error: file_get_contents(https://vapi.vnappmob.com/api/province/p/): Failed to open stream: HTTP request failed! HTTP/1.1 404 Not Found
 in C:\xampp\htdocs\Ecom_website\app\controllers\LocationController.php on line 127
--------------------------------------------------------------------------------
[2025-11-04 23:31:13] Error: file_get_contents(): SSL operation failed with code 1. OpenSSL Error messages:
error:1416F086:SSL routines:tls_process_server_certificate:certificate verify failed in C:\xampp\htdocs\Ecom_website\app\controllers\LocationController.php on line 127
--------------------------------------------------------------------------------
[2025-11-04 23:31:13] Error: file_get_contents(): Failed to enable crypto in C:\xampp\htdocs\Ecom_website\app\controllers\LocationController.php on line 127
--------------------------------------------------------------------------------
[2025-11-04 23:31:13] Error: file_get_contents(https://provinces.open-api.vn/api/v2/p/79?depth=2): Failed to open stream: operation failed in C:\xampp\htdocs\Ecom_website\app\controllers\LocationController.php on line 127
--------------------------------------------------------------------------------
[2025-11-04 23:31:13] Error: file_get_contents(https://vapi.vnappmob.com/api/province/p/79?depth=2): Failed to open stream: HTTP request failed! HTTP/1.1 404 Not Found
 in C:\xampp\htdocs\Ecom_website\app\controllers\LocationController.php on line 127
--------------------------------------------------------------------------------
[2025-11-04 23:32:20] Error: file_get_contents(): SSL operation failed with code 1. OpenSSL Error messages:
error:1416F086:SSL routines:tls_process_server_certificate:certificate verify failed in C:\xampp\htdocs\Ecom_website\app\controllers\LocationController.php on line 127
--------------------------------------------------------------------------------
[2025-11-04 23:32:20] Error: file_get_contents(): Failed to enable crypto in C:\xampp\htdocs\Ecom_website\app\controllers\LocationController.php on line 127
--------------------------------------------------------------------------------
[2025-11-04 23:32:20] Error: file_get_contents(https://provinces.open-api.vn/api/v2/p/): Failed to open stream: operation failed in C:\xampp\htdocs\Ecom_website\app\controllers\LocationController.php on line 127
--------------------------------------------------------------------------------
[2025-11-04 23:32:20] Error: file_get_contents(https://vapi.vnappmob.com/api/province/p/): Failed to open stream: HTTP request failed! HTTP/1.1 404 Not Found
 in C:\xampp\htdocs\Ecom_website\app\controllers\LocationController.php on line 127
--------------------------------------------------------------------------------
[2025-11-04 23:32:20] Error: file_get_contents(): SSL operation failed with code 1. OpenSSL Error messages:
error:1416F086:SSL routines:tls_process_server_certificate:certificate verify failed in C:\xampp\htdocs\Ecom_website\app\controllers\LocationController.php on line 127
--------------------------------------------------------------------------------
[2025-11-04 23:32:20] Error: file_get_contents(): Failed to enable crypto in C:\xampp\htdocs\Ecom_website\app\controllers\LocationController.php on line 127
--------------------------------------------------------------------------------
[2025-11-04 23:32:20] Error: file_get_contents(https://provinces.open-api.vn/api/v2/p/79?depth=2): Failed to open stream: operation failed in C:\xampp\htdocs\Ecom_website\app\controllers\LocationController.php on line 127
--------------------------------------------------------------------------------
[2025-11-04 23:32:21] Error: file_get_contents(https://vapi.vnappmob.com/api/province/p/79?depth=2): Failed to open stream: HTTP request failed! HTTP/1.1 404 Not Found
 in C:\xampp\htdocs\Ecom_website\app\controllers\LocationController.php on line 127
--------------------------------------------------------------------------------
[2025-11-04 23:32:30] Error: file_get_contents(): SSL operation failed with code 1. OpenSSL Error messages:
error:1416F086:SSL routines:tls_process_server_certificate:certificate verify failed in C:\xampp\htdocs\Ecom_website\app\controllers\LocationController.php on line 127
--------------------------------------------------------------------------------
[2025-11-04 23:32:30] Error: file_get_contents(): Failed to enable crypto in C:\xampp\htdocs\Ecom_website\app\controllers\LocationController.php on line 127
--------------------------------------------------------------------------------
[2025-11-04 23:32:30] Error: file_get_contents(https://provinces.open-api.vn/api/v2/p/80?depth=2): Failed to open stream: operation failed in C:\xampp\htdocs\Ecom_website\app\controllers\LocationController.php on line 127
--------------------------------------------------------------------------------
[2025-11-04 23:32:31] Error: file_get_contents(https://vapi.vnappmob.com/api/province/p/80?depth=2): Failed to open stream: HTTP request failed! HTTP/1.1 404 Not Found
 in C:\xampp\htdocs\Ecom_website\app\controllers\LocationController.php on line 127
--------------------------------------------------------------------------------
[2025-11-04 23:32:32] Error: file_get_contents(): SSL operation failed with code 1. OpenSSL Error messages:
error:1416F086:SSL routines:tls_process_server_certificate:certificate verify failed in C:\xampp\htdocs\Ecom_website\app\controllers\LocationController.php on line 127
--------------------------------------------------------------------------------
[2025-11-04 23:32:32] Error: file_get_contents(): Failed to enable crypto in C:\xampp\htdocs\Ecom_website\app\controllers\LocationController.php on line 127
--------------------------------------------------------------------------------
[2025-11-04 23:32:32] Error: file_get_contents(https://provinces.open-api.vn/api/v2/p/79?depth=2): Failed to open stream: operation failed in C:\xampp\htdocs\Ecom_website\app\controllers\LocationController.php on line 127
--------------------------------------------------------------------------------
[2025-11-04 23:32:32] Error: file_get_contents(https://vapi.vnappmob.com/api/province/p/79?depth=2): Failed to open stream: HTTP request failed! HTTP/1.1 404 Not Found
 in C:\xampp\htdocs\Ecom_website\app\controllers\LocationController.php on line 127
--------------------------------------------------------------------------------
[2025-11-04 23:32:58] Error: file_get_contents(): SSL operation failed with code 1. OpenSSL Error messages:
error:1416F086:SSL routines:tls_process_server_certificate:certificate verify failed in C:\xampp\htdocs\Ecom_website\app\controllers\LocationController.php on line 127
--------------------------------------------------------------------------------
[2025-11-04 23:32:58] Error: file_get_contents(): Failed to enable crypto in C:\xampp\htdocs\Ecom_website\app\controllers\LocationController.php on line 127
--------------------------------------------------------------------------------
[2025-11-04 23:32:58] Error: file_get_contents(https://provinces.open-api.vn/api/v2/p/): Failed to open stream: operation failed in C:\xampp\htdocs\Ecom_website\app\controllers\LocationController.php on line 127
--------------------------------------------------------------------------------
[2025-11-04 23:32:59] Error: file_get_contents(https://vapi.vnappmob.com/api/province/p/): Failed to open stream: HTTP request failed! HTTP/1.1 404 Not Found
 in C:\xampp\htdocs\Ecom_website\app\controllers\LocationController.php on line 127
--------------------------------------------------------------------------------
[2025-11-04 23:32:59] Error: file_get_contents(): SSL operation failed with code 1. OpenSSL Error messages:
error:1416F086:SSL routines:tls_process_server_certificate:certificate verify failed in C:\xampp\htdocs\Ecom_website\app\controllers\LocationController.php on line 127
--------------------------------------------------------------------------------
[2025-11-04 23:32:59] Error: file_get_contents(): Failed to enable crypto in C:\xampp\htdocs\Ecom_website\app\controllers\LocationController.php on line 127
--------------------------------------------------------------------------------
[2025-11-04 23:32:59] Error: file_get_contents(https://provinces.open-api.vn/api/v2/p/79?depth=2): Failed to open stream: operation failed in C:\xampp\htdocs\Ecom_website\app\controllers\LocationController.php on line 127
--------------------------------------------------------------------------------
[2025-11-04 23:32:59] Error: file_get_contents(https://vapi.vnappmob.com/api/province/p/79?depth=2): Failed to open stream: HTTP request failed! HTTP/1.1 404 Not Found
 in C:\xampp\htdocs\Ecom_website\app\controllers\LocationController.php on line 127
--------------------------------------------------------------------------------
[2025-11-04 23:33:17] Error: file_get_contents(): SSL operation failed with code 1. OpenSSL Error messages:
error:1416F086:SSL routines:tls_process_server_certificate:certificate verify failed in C:\xampp\htdocs\Ecom_website\app\controllers\LocationController.php on line 127
--------------------------------------------------------------------------------
[2025-11-04 23:33:17] Error: file_get_contents(): Failed to enable crypto in C:\xampp\htdocs\Ecom_website\app\controllers\LocationController.php on line 127
--------------------------------------------------------------------------------
[2025-11-04 23:33:17] Error: file_get_contents(https://provinces.open-api.vn/api/v2/p/): Failed to open stream: operation failed in C:\xampp\htdocs\Ecom_website\app\controllers\LocationController.php on line 127
--------------------------------------------------------------------------------
[2025-11-04 23:33:17] Error: file_get_contents(https://vapi.vnappmob.com/api/province/p/): Failed to open stream: HTTP request failed! HTTP/1.1 404 Not Found
 in C:\xampp\htdocs\Ecom_website\app\controllers\LocationController.php on line 127
--------------------------------------------------------------------------------
[2025-11-04 23:33:17] Error: file_get_contents(): SSL operation failed with code 1. OpenSSL Error messages:
error:1416F086:SSL routines:tls_process_server_certificate:certificate verify failed in C:\xampp\htdocs\Ecom_website\app\controllers\LocationController.php on line 127
--------------------------------------------------------------------------------
[2025-11-04 23:33:17] Error: file_get_contents(): Failed to enable crypto in C:\xampp\htdocs\Ecom_website\app\controllers\LocationController.php on line 127
--------------------------------------------------------------------------------
[2025-11-04 23:33:17] Error: file_get_contents(https://provinces.open-api.vn/api/v2/p/79?depth=2): Failed to open stream: operation failed in C:\xampp\htdocs\Ecom_website\app\controllers\LocationController.php on line 127
--------------------------------------------------------------------------------
[2025-11-04 23:33:17] Error: file_get_contents(https://vapi.vnappmob.com/api/province/p/79?depth=2): Failed to open stream: HTTP request failed! HTTP/1.1 404 Not Found
 in C:\xampp\htdocs\Ecom_website\app\controllers\LocationController.php on line 127
--------------------------------------------------------------------------------
[2025-11-04 23:42:08] Error: file_get_contents(): SSL operation failed with code 1. OpenSSL Error messages:
error:1416F086:SSL routines:tls_process_server_certificate:certificate verify failed in C:\xampp\htdocs\Ecom_website\app\controllers\LocationController.php on line 127
--------------------------------------------------------------------------------
[2025-11-04 23:42:08] Error: file_get_contents(): Failed to enable crypto in C:\xampp\htdocs\Ecom_website\app\controllers\LocationController.php on line 127
--------------------------------------------------------------------------------
[2025-11-04 23:42:08] Error: file_get_contents(https://provinces.open-api.vn/api/v2/p/): Failed to open stream: operation failed in C:\xampp\htdocs\Ecom_website\app\controllers\LocationController.php on line 127
--------------------------------------------------------------------------------
[2025-11-04 23:42:09] Error: file_get_contents(https://vapi.vnappmob.com/api/province/p/): Failed to open stream: HTTP request failed! HTTP/1.1 404 Not Found
 in C:\xampp\htdocs\Ecom_website\app\controllers\LocationController.php on line 127
--------------------------------------------------------------------------------
[2025-11-04 23:42:15] Error: file_get_contents(): SSL operation failed with code 1. OpenSSL Error messages:
error:1416F086:SSL routines:tls_process_server_certificate:certificate verify failed in C:\xampp\htdocs\Ecom_website\app\controllers\LocationController.php on line 127
--------------------------------------------------------------------------------
[2025-11-04 23:42:15] Error: file_get_contents(): Failed to enable crypto in C:\xampp\htdocs\Ecom_website\app\controllers\LocationController.php on line 127
--------------------------------------------------------------------------------
[2025-11-04 23:42:15] Error: file_get_contents(https://provinces.open-api.vn/api/v2/p/79?depth=2): Failed to open stream: operation failed in C:\xampp\htdocs\Ecom_website\app\controllers\LocationController.php on line 127
--------------------------------------------------------------------------------
[2025-11-04 23:42:15] Error: file_get_contents(https://vapi.vnappmob.com/api/province/p/79?depth=2): Failed to open stream: HTTP request failed! HTTP/1.1 404 Not Found
 in C:\xampp\htdocs\Ecom_website\app\controllers\LocationController.php on line 127
--------------------------------------------------------------------------------
[2025-11-04 23:46:55] Error: file_get_contents(): SSL operation failed with code 1. OpenSSL Error messages:
error:1416F086:SSL routines:tls_process_server_certificate:certificate verify failed in C:\xampp\htdocs\Ecom_website\app\controllers\LocationController.php on line 127
--------------------------------------------------------------------------------
[2025-11-04 23:46:55] Error: file_get_contents(): Failed to enable crypto in C:\xampp\htdocs\Ecom_website\app\controllers\LocationController.php on line 127
--------------------------------------------------------------------------------
[2025-11-04 23:46:55] Error: file_get_contents(https://provinces.open-api.vn/api/v2/p/): Failed to open stream: operation failed in C:\xampp\htdocs\Ecom_website\app\controllers\LocationController.php on line 127
--------------------------------------------------------------------------------
[2025-11-04 23:46:56] Error: file_get_contents(https://vapi.vnappmob.com/api/province/p/): Failed to open stream: HTTP request failed! HTTP/1.1 404 Not Found
 in C:\xampp\htdocs\Ecom_website\app\controllers\LocationController.php on line 127
--------------------------------------------------------------------------------
[2025-11-04 23:47:04] Error: file_get_contents(): SSL operation failed with code 1. OpenSSL Error messages:
error:1416F086:SSL routines:tls_process_server_certificate:certificate verify failed in C:\xampp\htdocs\Ecom_website\app\controllers\LocationController.php on line 127
--------------------------------------------------------------------------------
[2025-11-04 23:47:04] Error: file_get_contents(): Failed to enable crypto in C:\xampp\htdocs\Ecom_website\app\controllers\LocationController.php on line 127
--------------------------------------------------------------------------------
[2025-11-04 23:47:04] Error: file_get_contents(https://provinces.open-api.vn/api/v2/p/42?depth=2): Failed to open stream: operation failed in C:\xampp\htdocs\Ecom_website\app\controllers\LocationController.php on line 127
--------------------------------------------------------------------------------
[2025-11-04 23:47:05] Error: file_get_contents(https://vapi.vnappmob.com/api/province/p/42?depth=2): Failed to open stream: HTTP request failed! HTTP/1.1 404 Not Found
 in C:\xampp\htdocs\Ecom_website\app\controllers\LocationController.php on line 127
--------------------------------------------------------------------------------
[2025-11-04 23:51:08] Error: file_get_contents(): SSL operation failed with code 1. OpenSSL Error messages:
error:1416F086:SSL routines:tls_process_server_certificate:certificate verify failed in C:\xampp\htdocs\Ecom_website\app\controllers\LocationController.php on line 127
--------------------------------------------------------------------------------
[2025-11-04 23:51:08] Error: file_get_contents(): Failed to enable crypto in C:\xampp\htdocs\Ecom_website\app\controllers\LocationController.php on line 127
--------------------------------------------------------------------------------
[2025-11-04 23:51:08] Error: file_get_contents(https://provinces.open-api.vn/api/v2/p/): Failed to open stream: operation failed in C:\xampp\htdocs\Ecom_website\app\controllers\LocationController.php on line 127
--------------------------------------------------------------------------------
[2025-11-04 23:51:09] Error: file_get_contents(https://vapi.vnappmob.com/api/province/p/): Failed to open stream: HTTP request failed! HTTP/1.1 404 Not Found
 in C:\xampp\htdocs\Ecom_website\app\controllers\LocationController.php on line 127
--------------------------------------------------------------------------------
[2025-11-04 23:51:24] Error: file_get_contents(): SSL operation failed with code 1. OpenSSL Error messages:
error:1416F086:SSL routines:tls_process_server_certificate:certificate verify failed in C:\xampp\htdocs\Ecom_website\app\controllers\LocationController.php on line 127
--------------------------------------------------------------------------------
[2025-11-04 23:51:24] Error: file_get_contents(): Failed to enable crypto in C:\xampp\htdocs\Ecom_website\app\controllers\LocationController.php on line 127
--------------------------------------------------------------------------------
[2025-11-04 23:51:24] Error: file_get_contents(https://provinces.open-api.vn/api/v2/p/): Failed to open stream: operation failed in C:\xampp\htdocs\Ecom_website\app\controllers\LocationController.php on line 127
--------------------------------------------------------------------------------
[2025-11-04 23:51:24] Error: file_get_contents(https://vapi.vnappmob.com/api/province/p/): Failed to open stream: HTTP request failed! HTTP/1.1 404 Not Found
 in C:\xampp\htdocs\Ecom_website\app\controllers\LocationController.php on line 127
--------------------------------------------------------------------------------
[2025-11-04 23:53:44] Error: file_get_contents(): SSL operation failed with code 1. OpenSSL Error messages:
error:1416F086:SSL routines:tls_process_server_certificate:certificate verify failed in C:\xampp\htdocs\Ecom_website\app\controllers\LocationController.php on line 127
--------------------------------------------------------------------------------
[2025-11-04 23:53:44] Error: file_get_contents(): Failed to enable crypto in C:\xampp\htdocs\Ecom_website\app\controllers\LocationController.php on line 127
--------------------------------------------------------------------------------
[2025-11-04 23:53:44] Error: file_get_contents(https://provinces.open-api.vn/api/v2/p/): Failed to open stream: operation failed in C:\xampp\htdocs\Ecom_website\app\controllers\LocationController.php on line 127
--------------------------------------------------------------------------------
[2025-11-04 23:53:45] Error: file_get_contents(https://vapi.vnappmob.com/api/province/p/): Failed to open stream: HTTP request failed! HTTP/1.1 404 Not Found
 in C:\xampp\htdocs\Ecom_website\app\controllers\LocationController.php on line 127
--------------------------------------------------------------------------------
[2025-11-04 23:54:16] Error: file_get_contents(): SSL operation failed with code 1. OpenSSL Error messages:
error:1416F086:SSL routines:tls_process_server_certificate:certificate verify failed in C:\xampp\htdocs\Ecom_website\app\controllers\LocationController.php on line 127
--------------------------------------------------------------------------------
[2025-11-04 23:54:16] Error: file_get_contents(): Failed to enable crypto in C:\xampp\htdocs\Ecom_website\app\controllers\LocationController.php on line 127
--------------------------------------------------------------------------------
[2025-11-04 23:54:16] Error: file_get_contents(https://provinces.open-api.vn/api/v2/p/79?depth=2): Failed to open stream: operation failed in C:\xampp\htdocs\Ecom_website\app\controllers\LocationController.php on line 127
--------------------------------------------------------------------------------
[2025-11-04 23:54:16] Error: file_get_contents(https://vapi.vnappmob.com/api/province/p/79?depth=2): Failed to open stream: HTTP request failed! HTTP/1.1 404 Not Found
 in C:\xampp\htdocs\Ecom_website\app\controllers\LocationController.php on line 127
--------------------------------------------------------------------------------
[2025-11-04 23:54:20] Error: file_get_contents(): SSL operation failed with code 1. OpenSSL Error messages:
error:1416F086:SSL routines:tls_process_server_certificate:certificate verify failed in C:\xampp\htdocs\Ecom_website\app\controllers\LocationController.php on line 127
--------------------------------------------------------------------------------
[2025-11-04 23:54:20] Error: file_get_contents(): Failed to enable crypto in C:\xampp\htdocs\Ecom_website\app\controllers\LocationController.php on line 127
--------------------------------------------------------------------------------
[2025-11-04 23:54:20] Error: file_get_contents(https://provinces.open-api.vn/api/v2/p/68?depth=2): Failed to open stream: operation failed in C:\xampp\htdocs\Ecom_website\app\controllers\LocationController.php on line 127
--------------------------------------------------------------------------------
[2025-11-04 23:54:21] Error: file_get_contents(https://vapi.vnappmob.com/api/province/p/68?depth=2): Failed to open stream: HTTP request failed! HTTP/1.1 404 Not Found
 in C:\xampp\htdocs\Ecom_website\app\controllers\LocationController.php on line 127
--------------------------------------------------------------------------------
[2025-11-05 11:54:05] Error: file_get_contents(): SSL operation failed with code 1. OpenSSL Error messages:
error:1416F086:SSL routines:tls_process_server_certificate:certificate verify failed in C:\xampp\htdocs\Ecom_website\app\controllers\LocationController.php on line 127
--------------------------------------------------------------------------------
[2025-11-05 11:54:05] Error: file_get_contents(): Failed to enable crypto in C:\xampp\htdocs\Ecom_website\app\controllers\LocationController.php on line 127
--------------------------------------------------------------------------------
[2025-11-05 11:54:05] Error: file_get_contents(https://provinces.open-api.vn/api/v2/p/): Failed to open stream: operation failed in C:\xampp\htdocs\Ecom_website\app\controllers\LocationController.php on line 127
--------------------------------------------------------------------------------
[2025-11-05 11:54:06] Error: file_get_contents(https://vapi.vnappmob.com/api/province/p/): Failed to open stream: HTTP request failed! HTTP/1.1 404 Not Found
 in C:\xampp\htdocs\Ecom_website\app\controllers\LocationController.php on line 127
--------------------------------------------------------------------------------
[2025-11-05 11:54:44] Error: file_get_contents(): SSL operation failed with code 1. OpenSSL Error messages:
error:1416F086:SSL routines:tls_process_server_certificate:certificate verify failed in C:\xampp\htdocs\Ecom_website\app\controllers\LocationController.php on line 127
--------------------------------------------------------------------------------
[2025-11-05 11:54:44] Error: file_get_contents(): Failed to enable crypto in C:\xampp\htdocs\Ecom_website\app\controllers\LocationController.php on line 127
--------------------------------------------------------------------------------
[2025-11-05 11:54:44] Error: file_get_contents(https://provinces.open-api.vn/api/v2/p/): Failed to open stream: operation failed in C:\xampp\htdocs\Ecom_website\app\controllers\LocationController.php on line 127
--------------------------------------------------------------------------------
[2025-11-05 11:54:44] Error: file_get_contents(https://vapi.vnappmob.com/api/province/p/): Failed to open stream: HTTP request failed! HTTP/1.1 404 Not Found
 in C:\xampp\htdocs\Ecom_website\app\controllers\LocationController.php on line 127
--------------------------------------------------------------------------------
